DiagnosticsPluginLauncher.exe Information: 0 : [11/11/2016 00:44:47] At least one other instance of the launcher is running. Will wait until they all finish
DiagnosticsPluginLauncher.exe Information: 0 : [11/11/2016 00:44:47] Service running in Emulator Mode, will not wait/kill other instances of the launcher
DiagnosticsPluginLauncher.exe Information: 0 : [11/11/2016 00:44:47] Emulator config file set to C:\Users\aluno.PUCMINAS\documents\visual studio 2015\Projects\AzureCloudServicePuc\AzureCloudServicePuc\csx\Debug\roles\Api\approot\diagnostics.wadcfgx
DiagnosticsPluginLauncher.exe Information: 0 : [11/11/2016 00:44:47] DiagnosticsStoreRootPath set to: C:\Users\aluno.PUCMINAS\documents\visual studio 2015\Projects\AzureCloudServicePuc\AzureCloudServicePuc\csx\Debug\roles\Api\approot
DiagnosticsPluginLauncher.exe Information: 0 : [11/11/2016 00:44:47] Loading config file: C:\Users\aluno.PUCMINAS\documents\visual studio 2015\Projects\AzureCloudServicePuc\AzureCloudServicePuc\csx\Debug\roles\Api\approot\diagnostics.wadcfgx
DiagnosticsPluginLauncher.exe Information: 0 : [11/11/2016 00:44:47] Config file to read: C:\Users\aluno.PUCMINAS\documents\visual studio 2015\Projects\AzureCloudServicePuc\AzureCloudServicePuc\csx\Debug\roles\Api\approot\diagnostics.wadcfgx
DiagnosticsPluginLauncher.exe Information: 0 : [11/11/2016 00:44:47] Checking VM Type
DiagnosticsPluginLauncher.exe Information: 0 : [11/11/2016 00:44:47] Emulator config file set to C:\Users\aluno.PUCMINAS\documents\visual studio 2015\Projects\AzureCloudServicePuc\AzureCloudServicePuc\csx\Debug\roles\Api\approot\diagnostics.wadcfgx
DiagnosticsPluginLauncher.exe Information: 0 : [11/11/2016 00:44:47] Extension set to Emulator Mode
DiagnosticsPluginLauncher.exe Information: 0 : [11/11/2016 00:44:47] Reading XML configuration file
DiagnosticsPluginLauncher.exe Information: 0 : [11/11/2016 00:44:47] Bypassing private config decryption
DiagnosticsPluginLauncher.exe Information: 0 : [11/11/2016 00:44:47] Stopping the running plugin, if any
DiagnosticsPluginLauncher.exe Information: 0 : [11/11/2016 00:44:47] Found a MonAgentHost.exe. WadArguments: "C:\Users\aluno.PUCMINAS\documents\visual studio 2015\Projects\AzureCloudServicePuc\AzureCloudServicePuc\csx\Debug\roles\Api\plugins\Diagnostics\Monitor\x64\MonAgentHost.exe" -LocalPath "C:\Users\aluno.PUCMINAS\documents\visual studio 2015\Projects\AzureCloudServicePuc\AzureCloudServicePuc\csx\Debug\roles\Api\approot\WAD0105"  -ConfigFile "C:\Users\aluno.PUCMINAS\documents\visual studio 2015\Projects\AzureCloudServicePuc\AzureCloudServicePuc\csx\Debug\roles\Api\approot\WAD0105\Configuration\MaConfig.xml" -ShutDownEvent WADDM-ShutDown-99f0753430854dcba61c3813bb7e448c  -TotalShutDownEvent WADDM-TotalShutDown-99f0753430854dcba61c3813bb7e448c -InitializedEvent WADM-StartUp-99f0753430854dcba61c3813bb7e448c -parent 11028 -events -wadVer1v5 -UseProxyServer -XStoreAccounts WadAccount#true#devstoreaccount1#Eby8vdM02xNOcqFlqUwJPLlmEtlCDXJ1OUzFT50uSRZ6IFsuFq2UVErCz4I6tq/K1SZFPTOtr/KBHBeksoGMGw==#http://127.0.0.1:10002#http://127.0.0.1:10001#http://127.0.0.1:10000.
DiagnosticsPluginLauncher.exe Information: 0 : [11/11/2016 00:44:47] Found a DiagnosticsPlugin.exe. WadArguments: "C:\Users\aluno.PUCMINAS\Documents\Visual Studio 2015\Projects\AzureCloudServicePuc\AzureCloudServicePuc\csx\Debug\roles\Api\plugins\Diagnostics\DiagnosticsPlugin.exe" DiagnosticPlugin-ShutdownEvent DiagnosticPlugin-TotalShutdownEvent -wadVer1v5.
DiagnosticsPluginLauncher.exe Information: 0 : [11/11/2016 00:44:47] Loading config file: C:\Users\aluno.PUCMINAS\documents\visual studio 2015\Projects\AzureCloudServicePuc\AzureCloudServicePuc\csx\Debug\roles\Api\approot\diagnostics.wadcfgx
DiagnosticsPluginLauncher.exe Information: 0 : [11/11/2016 00:44:47] Config file to read: C:\Users\aluno.PUCMINAS\documents\visual studio 2015\Projects\AzureCloudServicePuc\AzureCloudServicePuc\csx\Debug\roles\Api\approot\diagnostics.wadcfgx
DiagnosticsPluginLauncher.exe Information: 0 : [11/11/2016 00:44:47] Reading XML configuration file
DiagnosticsPluginLauncher.exe Information: 0 : [11/11/2016 00:44:47] Bypassing private config decryption
DiagnosticsPluginLauncher.exe Information: 0 : [11/11/2016 00:44:47] Found a running wad2 MA sharing the same local directory.
DiagnosticsPluginLauncher.exe Information: 0 : [11/11/2016 00:44:47] Killing any DiagnosticsPlugin that might remain.
DiagnosticsPluginLauncher.exe Information: 0 : [11/11/2016 00:44:47] Found a DiagnosticsPlugin.exe. WadArguments: "C:\Users\aluno.PUCMINAS\Documents\Visual Studio 2015\Projects\AzureCloudServicePuc\AzureCloudServicePuc\csx\Debug\roles\Api\plugins\Diagnostics\DiagnosticsPlugin.exe" DiagnosticPlugin-ShutdownEvent DiagnosticPlugin-TotalShutdownEvent -wadVer1v5.
DiagnosticsPluginLauncher.exe Information: 0 : [11/11/2016 00:45:45] Killing any MonAgentHost that might remain.
DiagnosticsPluginLauncher.exe Information: 0 : [11/11/2016 00:45:46] Diagnostics plugin stopped successfully
DiagnosticsPluginLauncher.exe Information: 0 : [11/11/2016 00:45:46] Resetting DiagnosticPlugin
