DiagnosticsPlugin.exe Information: 0 : [11/11/2016 00:45:46] Starting DiagnosticPlugin.exe DiagnosticPlugin-ShutdownEvent DiagnosticPlugin-TotalShutdownEvent -wadVer1v5
DiagnosticsPlugin.exe Error: 0 : [11/11/2016 00:45:46] Failed to save IIS Directory state
DiagnosticsPlugin.exe Error: 0 : [11/11/2016 00:45:46] System.Runtime.InteropServices.COMException (0x80040154): Falha na recuperação de fábrica de classes COM do componente com CLSID {2B72133B-3F5B-4602-8952-803546CE3344} devido ao seguinte erro: 80040154 Classe não registrada (Exceção de HRESULT: 0x80040154 (REGDB_E_CLASSNOTREG)).
   em System.Runtime.Remoting.RemotingServices.AllocateUninitializedObject(RuntimeType objectType)
   em System.Runtime.Remoting.Activation.ActivationServices.CreateInstance(RuntimeType serverType)
   em System.Runtime.Remoting.Activation.ActivationServices.IsCurrentContextOK(RuntimeType serverType, Object[] props, Boolean bNewObj)
   em System.RuntimeTypeHandle.CreateInstance(RuntimeType type, Boolean publicOnly, Boolean noCheck, Boolean& canBeCached, RuntimeMethodHandleInternal& ctor, Boolean& bNeedSecurityCheck)
   em System.RuntimeType.CreateInstanceSlow(Boolean publicOnly, Boolean skipCheckThis, Boolean fillCache, StackCrawlMark& stackMark)
   em System.Activator.CreateInstance[T]()
   em Microsoft.Web.Administration.ConfigurationManager.CreateAdminManager[TClass,TInterface](WebConfigurationMap webConfigMap, Boolean isAdminConfig)
   em Microsoft.Web.Administration.ConfigurationManager.CreateConfiguration(WebConfigurationMap configMap, String configPathToEdit, Boolean isAdminConfig)
   em Microsoft.Web.Administration.ConfigurationManager.GetConfiguration(String rawConfigurationPath, String cacheKey, Boolean isAdminConfig)
   em Microsoft.Web.Administration.ServerManager.get_SitesSection()
   em Microsoft.Web.Administration.ServerManager.get_Sites()
   em Microsoft.Azure.Plugins.Plugin.DiagnosticsPluginManager.SaveIISDirectoryState()
DiagnosticsPlugin.exe Information: 0 : [11/11/2016 00:45:46] Starting DiagnosticsPlugin
DiagnosticsPlugin.exe Information: 0 : [11/11/2016 00:45:46] Emulator config file set to C:\Users\aluno.PUCMINAS\documents\visual studio 2015\Projects\AzureCloudServicePuc\AzureCloudServicePuc\csx\Debug\roles\Api\approot\diagnostics.wadcfgx
DiagnosticsPlugin.exe Information: 0 : [11/11/2016 00:45:46] DiagnosticsStoreRootPath set to: C:\Users\aluno.PUCMINAS\documents\visual studio 2015\Projects\AzureCloudServicePuc\AzureCloudServicePuc\csx\Debug\roles\Api\approot
DiagnosticsPlugin.exe Information: 0 : [11/11/2016 00:45:46] Loading config file: C:\Users\aluno.PUCMINAS\documents\visual studio 2015\Projects\AzureCloudServicePuc\AzureCloudServicePuc\csx\Debug\roles\Api\approot\diagnostics.wadcfgx
DiagnosticsPlugin.exe Information: 0 : [11/11/2016 00:45:46] Config file to read: C:\Users\aluno.PUCMINAS\documents\visual studio 2015\Projects\AzureCloudServicePuc\AzureCloudServicePuc\csx\Debug\roles\Api\approot\diagnostics.wadcfgx
DiagnosticsPlugin.exe Information: 0 : [11/11/2016 00:45:46] Checking VM Type
DiagnosticsPlugin.exe Information: 0 : [11/11/2016 00:45:46] Emulator config file set to C:\Users\aluno.PUCMINAS\documents\visual studio 2015\Projects\AzureCloudServicePuc\AzureCloudServicePuc\csx\Debug\roles\Api\approot\diagnostics.wadcfgx
DiagnosticsPlugin.exe Information: 0 : [11/11/2016 00:45:46] Extension set to Emulator Mode
DiagnosticsPlugin.exe Information: 0 : [11/11/2016 00:45:46] Reading XML configuration file
DiagnosticsPlugin.exe Information: 0 : [11/11/2016 00:45:46] Bypassing private config decryption
DiagnosticsPlugin.exe Information: 0 : [11/11/2016 00:45:46] WadCfg is provided in initial configuration. Using that to initialize Diagnostics.
DiagnosticsPlugin.exe Information: 0 : [11/11/2016 00:45:46] <PublicConfig xmlns="http://schemas.microsoft.com/ServiceHosting/2010/10/DiagnosticsConfiguration">
  <WadCfg>
    <DiagnosticMonitorConfiguration overallQuotaInMB="4096">
      <DiagnosticInfrastructureLogs scheduledTransferLogLevelFilter="Error" />
      <Logs scheduledTransferPeriod="PT1M" scheduledTransferLogLevelFilter="Error" />
      <Directories scheduledTransferPeriod="PT1M">
        <IISLogs containerName="wad-iis-logfiles" />
        <FailedRequestLogs containerName="wad-failedrequestlogs" />
      </Directories>
      <WindowsEventLog scheduledTransferPeriod="PT1M">
        <DataSource name="Application!*[System[(Level=1 or Level=2 or Level=3)]]" />
        <DataSource name="Windows Azure!*[System[(Level=1 or Level=2 or Level=3 or Level=4)]]" />
      </WindowsEventLog>
      <CrashDumps containerName="wad-crashdumps" dumpType="Mini">
        <CrashDumpConfiguration processName="WaIISHost.exe" />
        <CrashDumpConfiguration processName="WaWorkerHost.exe" />
        <CrashDumpConfiguration processName="w3wp.exe" />
      </CrashDumps>
      <PerformanceCounters scheduledTransferPeriod="PT1M">
        <PerformanceCounterConfiguration counterSpecifier="\Memory\Available MBytes" sampleRate="PT3M" />
        <PerformanceCounterConfiguration counterSpecifier="\Web Service(_Total)\ISAPI Extension Requests/sec" sampleRate="PT3M" />
        <PerformanceCounterConfiguration counterSpecifier="\Web Service(_Total)\Bytes Total/Sec" sampleRate="PT3M" />
        <PerformanceCounterConfiguration counterSpecifier="\ASP.NET Applications(__Total__)\Requests/Sec" sampleRate="PT3M" />
        <PerformanceCounterConfiguration counterSpecifier="\ASP.NET Applications(__Total__)\Errors Total/Sec" sampleRate="PT3M" />
        <PerformanceCounterConfiguration counterSpecifier="\ASP.NET\Requests Queued" sampleRate="PT3M" />
        <PerformanceCounterConfiguration counterSpecifier="\ASP.NET\Requests Rejected" sampleRate="PT3M" />
        <PerformanceCounterConfiguration counterSpecifier="\Processor(_Total)\% Processor Time" sampleRate="PT3M" />
      </PerformanceCounters>
    </DiagnosticMonitorConfiguration>
  </WadCfg>
  <StorageAccount>devstoreaccount1</StorageAccount>
</PublicConfig>
DiagnosticsPlugin.exe Information: 0 : [11/11/2016 00:45:46] Private setting is loaded
DiagnosticsPlugin.exe Information: 0 : [11/11/2016 00:45:46] Is config json/xml loaded
DiagnosticsPlugin.exe Information: 0 : [11/11/2016 00:45:46] Checking if configuration needs to be fetched from the storage account and doing so if needed.
DiagnosticsPlugin.exe Information: 0 : [11/11/2016 00:45:46] Checkpoint file is presentC:\Users\aluno.PUCMINAS\documents\visual studio 2015\Projects\AzureCloudServicePuc\AzureCloudServicePuc\csx\Debug\roles\Api\approot\WAD0105\Configuration\Checkpoint.txt
DiagnosticsPlugin.exe Information: 0 : [11/11/2016 00:45:46] Will use local resource directory C:\Users\aluno.PUCMINAS\documents\visual studio 2015\Projects\AzureCloudServicePuc\AzureCloudServicePuc\csx\Debug\roles\Api\approot\WAD0105
DiagnosticsPlugin.exe Information: 0 : [11/11/2016 00:45:46] Will use endpoint https://core.windows.net for storage.
DiagnosticsPlugin.exe Information: 0 : [11/11/2016 00:45:46] Exception in creating the ServerManager; is IIS installed?
 Error:System.Runtime.InteropServices.COMException (0x80040154): Falha na recuperação de fábrica de classes COM do componente com CLSID {2B72133B-3F5B-4602-8952-803546CE3344} devido ao seguinte erro: 80040154 Classe não registrada (Exceção de HRESULT: 0x80040154 (REGDB_E_CLASSNOTREG)).
   em System.Runtime.Remoting.RemotingServices.AllocateUninitializedObject(RuntimeType objectType)
   em System.Runtime.Remoting.Activation.ActivationServices.CreateInstance(RuntimeType serverType)
   em System.Runtime.Remoting.Activation.ActivationServices.IsCurrentContextOK(RuntimeType serverType, Object[] props, Boolean bNewObj)
   em System.RuntimeTypeHandle.CreateInstance(RuntimeType type, Boolean publicOnly, Boolean noCheck, Boolean& canBeCached, RuntimeMethodHandleInternal& ctor, Boolean& bNeedSecurityCheck)
   em System.RuntimeType.CreateInstanceSlow(Boolean publicOnly, Boolean skipCheckThis, Boolean fillCache, StackCrawlMark& stackMark)
   em System.Activator.CreateInstance[T]()
   em Microsoft.Web.Administration.ConfigurationManager.CreateAdminManager[TClass,TInterface](WebConfigurationMap webConfigMap, Boolean isAdminConfig)
   em Microsoft.Web.Administration.ConfigurationManager.CreateConfiguration(WebConfigurationMap configMap, String configPathToEdit, Boolean isAdminConfig)
   em Microsoft.Web.Administration.ConfigurationManager.GetConfiguration(String rawConfigurationPath, String cacheKey, Boolean isAdminConfig)
   em Microsoft.Web.Administration.ServerManager.get_SitesSection()
   em Microsoft.Web.Administration.ServerManager.get_Sites()
   em Microsoft.Azure.Plugins.Plugin.WadConfigProcessor.AddDirectories(EventsType mdsEvents, Directories wadDirectories)
DiagnosticsPlugin.exe Information: 0 : [11/11/2016 00:45:46] Running in emulator mode, crash dumps not enabled
DiagnosticsPlugin.exe Information: 0 : [11/11/2016 00:45:46] Checking to see if Application Insights extension needs to be configured.
DiagnosticsPlugin.exe Error: 0 : [11/11/2016 00:45:46] Encountered a problem while writing the file: System.IO.IOException: O processo não pode acessar o arquivo 'C:\Users\aluno.PUCMINAS\documents\visual studio 2015\Projects\AzureCloudServicePuc\AzureCloudServicePuc\csx\Debug\roles\Api\approot\WAD0105\Configuration\MaConfig.xml' porque ele está sendo usado por outro processo.
   em System.IO.__Error.WinIOError(Int32 errorCode, String maybeFullPath)
   em System.IO.FileStream.Init(String path, FileMode mode, FileAccess access, Int32 rights, Boolean useRights, FileShare share, Int32 bufferSize, FileOptions options, SECURITY_ATTRIBUTES secAttrs, String msgPath, Boolean bFromProxy, Boolean useLongPath, Boolean checkHost)
   em System.IO.FileStream..ctor(String path, FileMode mode, FileAccess access, FileShare share, Int32 bufferSize, FileOptions options, String msgPath, Boolean bFromProxy)
   em System.IO.FileStream..ctor(String path, FileMode mode, FileAccess access, FileShare share, Int32 bufferSize, Boolean useAsync)
   em System.Xml.XmlWriterSettings.CreateWriter(String outputFileName)
   em Microsoft.Azure.Plugins.Plugin.BaseMonitoringConfig.WriteFile(MonitoringManagement config, String outFile)
DiagnosticsPlugin.exe Error: 0 : [11/11/2016 00:45:46] Retrying after 2 seconds
DiagnosticsPlugin.exe Information: 0 : [11/11/2016 00:45:48] In emulator mode and using devstore updating XStoreAccount info, command line args: -LocalPath "C:\Users\aluno.PUCMINAS\documents\visual studio 2015\Projects\AzureCloudServicePuc\AzureCloudServicePuc\csx\Debug\roles\Api\approot\WAD0105"  -ConfigFile "C:\Users\aluno.PUCMINAS\documents\visual studio 2015\Projects\AzureCloudServicePuc\AzureCloudServicePuc\csx\Debug\roles\Api\approot\WAD0105\Configuration\MaConfig.xml" -ShutDownEvent WADDM-ShutDown-e7c742a33e66438d8cbf2bb17de5b400  -TotalShutDownEvent WADDM-TotalShutDown-e7c742a33e66438d8cbf2bb17de5b400 -InitializedEvent WADM-StartUp-e7c742a33e66438d8cbf2bb17de5b400 -parent 11308 -events -wadVer1v5 -UseProxyServer -XStoreAccounts WadAccount#true#devstoreaccount1#Eby8vdM02xNOcqFlqUwJPLlmEtlCDXJ1OUzFT50uSRZ6IFsuFq2UVErCz4I6tq/K1SZFPTOtr/KBHBeksoGMGw==#http://127.0.0.1:10002#http://127.0.0.1:10001#http://127.0.0.1:10000
DiagnosticsPlugin.exe Error: 0 : [11/11/2016 00:46:19] Microsoft.Cis.Monitoring.Query.QueryException: ErrorFail
   em Microsoft.Cis.Monitoring.Query.QueryLocalTable..ctor(String TableName, String TablePath)
   em ApplicationInsightsExtension.MATableReader.ReadTableRecords(String tableName, String tablePath, DateTime startTime, DateTime endTime)
   em Microsoft.Azure.Plugins.Diagnostics.dll.MAStatusWriter.UpdateStatusReport(Object sender, ElapsedEventArgs e)
